<?xml version="1.0" encoding="utf-8"?><testsuites name="pytest tests"><testsuite name="pytest" errors="0" failures="0" skipped="0" tests="20" time="9.037" timestamp="2026-07-19T08:31:53.493026+00:00" hostname="agent-env-b08094dc-4d82-4f1d-a51f-8bc205d5ec65"><testcase classname="tests.backend_test" name="test_root_ok" time="0.204" /><testcase classname="tests.backend_test" name="test_health" time="0.042" /><testcase classname="tests.backend_test" name="test_public_config" time="0.039" /><testcase classname="tests.backend_test" name="test_create_lead_and_persist" time="0.629" /><testcase classname="tests.backend_test" name="test_lead_validation_error" time="0.079" /><testcase classname="tests.backend_test" name="test_lead_empty_email_coerced_to_none" time="0.039" /><testcase classname="tests.backend_test" name="test_lead_email_omitted_works" time="0.045" /><testcase classname="tests.backend_test" name="test_lead_malformed_email_still_rejected" time="0.040" /><testcase classname="tests.backend_test" name="test_lead_valid_email_still_works" time="0.080" /><testcase classname="tests.backend_test" name="test_appointment_empty_email_coerced_to_none" time="0.040" /><testcase classname="tests.backend_test" name="test_careers_empty_email_coerced_to_none" time="0.082" /><testcase classname="tests.backend_test" name="test_create_appointment" time="0.580" /><testcase classname="tests.backend_test" name="test_admin_verify_requires_token" time="0.156" /><testcase classname="tests.backend_test" name="test_admin_leads_appointments_require_auth" time="0.259" /><testcase classname="tests.backend_test" name="test_admin_stats" time="0.050" /><testcase classname="tests.backend_test" name="test_admin_contacts_careers_newsletter" time="0.259" /><testcase classname="tests.backend_test" name="test_contact" time="0.041" /><testcase classname="tests.backend_test" name="test_newsletter_subscribe_and_dedupe" time="0.135" /><testcase classname="tests.backend_test" name="test_career_apply" time="0.040" /><testcase classname="tests.backend_test" name="test_chat_stream_sse" time="5.816" /></testsuite></testsuites>