<?xml version="1.0" encoding="utf-8"?><testsuites name="pytest tests"><testsuite name="pytest" errors="0" failures="0" skipped="0" tests="14" time="15.075" timestamp="2026-07-19T08:23:24.304794+00:00" hostname="agent-env-b08094dc-4d82-4f1d-a51f-8bc205d5ec65"><testcase classname="tests.backend_test" name="test_root_ok" time="0.263" /><testcase classname="tests.backend_test" name="test_health" time="0.058" /><testcase classname="tests.backend_test" name="test_public_config" time="0.202" /><testcase classname="tests.backend_test" name="test_create_lead_and_persist" time="1.442" /><testcase classname="tests.backend_test" name="test_lead_validation_error" time="0.071" /><testcase classname="tests.backend_test" name="test_create_appointment" time="0.700" /><testcase classname="tests.backend_test" name="test_admin_verify_requires_token" time="0.186" /><testcase classname="tests.backend_test" name="test_admin_leads_appointments_require_auth" time="0.418" /><testcase classname="tests.backend_test" name="test_admin_stats" time="0.119" /><testcase classname="tests.backend_test" name="test_admin_contacts_careers_newsletter" time="0.367" /><testcase classname="tests.backend_test" name="test_contact" time="0.065" /><testcase classname="tests.backend_test" name="test_newsletter_subscribe_and_dedupe" time="0.189" /><testcase classname="tests.backend_test" name="test_career_apply" time="0.064" /><testcase classname="tests.backend_test" name="test_chat_stream_sse" time="10.560" /></testsuite></testsuites>