<?xml version="1.0" encoding="utf-8"?><testsuites name="pytest tests"><testsuite name="pytest" errors="0" failures="3" skipped="0" tests="20" time="12.103" timestamp="2026-07-19T08:31:32.946510+00:00" hostname="agent-env-b08094dc-4d82-4f1d-a51f-8bc205d5ec65"><testcase classname="tests.backend_test" name="test_root_ok" time="0.197" /><testcase classname="tests.backend_test" name="test_health" time="0.056" /><testcase classname="tests.backend_test" name="test_public_config" time="0.076" /><testcase classname="tests.backend_test" name="test_create_lead_and_persist" time="0.636" /><testcase classname="tests.backend_test" name="test_lead_validation_error" time="0.054" /><testcase classname="tests.backend_test" name="test_lead_empty_email_coerced_to_none" time="0.056"><failure message="AssertionError: Expected 200, got 422: {&quot;detail&quot;:[{&quot;type&quot;:&quot;value_error&quot;,&quot;loc&quot;:[&quot;body&quot;,&quot;email&quot;],&quot;msg&quot;:&quot;value is not a valid email address: An email address must have an @-sign.&quot;,&quot;input&quot;:&quot;&quot;,&quot;ctx&quot;:{&quot;reason&quot;:&quot;An email address must have an @-sign.&quot;}}]}&#10;assert 422 == 200&#10; +  where 422 = &lt;Response [422]&gt;.status_code">backend/tests/backend_test.py:99: in test_lead_empty_email_coerced_to_none
    assert r.status_code == 200, f"Expected 200, got {r.status_code}: {r.text}"
E   AssertionError: Expected 200, got 422: {"detail":[{"type":"value_error","loc":["body","email"],"msg":"value is not a valid email address: An email address must have an @-sign.","input":"","ctx":{"reason":"An email address must have an @-sign."}}]}
E   assert 422 == 200
E    +  where 422 = &lt;Response [422]&gt;.status_code</failure></testcase><testcase classname="tests.backend_test" name="test_lead_email_omitted_works" time="0.063" /><testcase classname="tests.backend_test" name="test_lead_malformed_email_still_rejected" time="0.074" /><testcase classname="tests.backend_test" name="test_lead_valid_email_still_works" time="0.068" /><testcase classname="tests.backend_test" name="test_appointment_empty_email_coerced_to_none" time="0.127"><failure message="AssertionError: Expected 200, got 422: {&quot;detail&quot;:[{&quot;type&quot;:&quot;value_error&quot;,&quot;loc&quot;:[&quot;body&quot;,&quot;email&quot;],&quot;msg&quot;:&quot;value is not a valid email address: An email address must have an @-sign.&quot;,&quot;input&quot;:&quot;&quot;,&quot;ctx&quot;:{&quot;reason&quot;:&quot;An email address must have an @-sign.&quot;}}]}&#10;assert 422 == 200&#10; +  where 422 = &lt;Response [422]&gt;.status_code">backend/tests/backend_test.py:151: in test_appointment_empty_email_coerced_to_none
    assert r.status_code == 200, f"Expected 200, got {r.status_code}: {r.text}"
E   AssertionError: Expected 200, got 422: {"detail":[{"type":"value_error","loc":["body","email"],"msg":"value is not a valid email address: An email address must have an @-sign.","input":"","ctx":{"reason":"An email address must have an @-sign."}}]}
E   assert 422 == 200
E    +  where 422 = &lt;Response [422]&gt;.status_code</failure></testcase><testcase classname="tests.backend_test" name="test_careers_empty_email_coerced_to_none" time="0.063"><failure message="AssertionError: Expected 200, got 422: {&quot;detail&quot;:[{&quot;type&quot;:&quot;value_error&quot;,&quot;loc&quot;:[&quot;body&quot;,&quot;email&quot;],&quot;msg&quot;:&quot;value is not a valid email address: An email address must have an @-sign.&quot;,&quot;input&quot;:&quot;&quot;,&quot;ctx&quot;:{&quot;reason&quot;:&quot;An email address must have an @-sign.&quot;}}]}&#10;assert 422 == 200&#10; +  where 422 = &lt;Response [422]&gt;.status_code">backend/tests/backend_test.py:164: in test_careers_empty_email_coerced_to_none
    assert r.status_code == 200, f"Expected 200, got {r.status_code}: {r.text}"
E   AssertionError: Expected 200, got 422: {"detail":[{"type":"value_error","loc":["body","email"],"msg":"value is not a valid email address: An email address must have an @-sign.","input":"","ctx":{"reason":"An email address must have an @-sign."}}]}
E   assert 422 == 200
E    +  where 422 = &lt;Response [422]&gt;.status_code</failure></testcase><testcase classname="tests.backend_test" name="test_create_appointment" time="0.626" /><testcase classname="tests.backend_test" name="test_admin_verify_requires_token" time="0.195" /><testcase classname="tests.backend_test" name="test_admin_leads_appointments_require_auth" time="0.948" /><testcase classname="tests.backend_test" name="test_admin_stats" time="0.070" /><testcase classname="tests.backend_test" name="test_admin_contacts_careers_newsletter" time="1.740" /><testcase classname="tests.backend_test" name="test_contact" time="0.066" /><testcase classname="tests.backend_test" name="test_newsletter_subscribe_and_dedupe" time="0.179" /><testcase classname="tests.backend_test" name="test_career_apply" time="0.063" /><testcase classname="tests.backend_test" name="test_chat_stream_sse" time="6.379" /></testsuite></testsuites>