<?xml version="1.0" encoding="utf-8"?><testsuites name="pytest tests"><testsuite name="pytest" errors="0" failures="0" skipped="0" tests="10" time="8.446" timestamp="2026-07-18T19:14:31.972467+00:00" hostname="agent-env-b08094dc-4d82-4f1d-a51f-8bc205d5ec65"><testcase classname="tests.backend_test" name="test_root_ok" time="0.231" /><testcase classname="tests.backend_test" name="test_health" time="0.045" /><testcase classname="tests.backend_test" name="test_public_config" time="0.042" /><testcase classname="tests.backend_test" name="test_create_lead_and_persist" time="0.601" /><testcase classname="tests.backend_test" name="test_lead_validation_error" time="0.046" /><testcase classname="tests.backend_test" name="test_create_appointment" time="0.595" /><testcase classname="tests.backend_test" name="test_contact" time="0.057" /><testcase classname="tests.backend_test" name="test_newsletter_subscribe_and_dedupe" time="0.111" /><testcase classname="tests.backend_test" name="test_career_apply" time="0.055" /><testcase classname="tests.backend_test" name="test_chat_stream_sse" time="6.108" /></testsuite></testsuites>